#-----------------------------------------------------------
# Vivado v2020.2 (64-bit)
# SW Build 3064766 on Wed Nov 18 09:12:45 MST 2020
# IP Build 3064653 on Wed Nov 18 14:17:31 MST 2020
# Start of session at: Sun Sep 28 20:58:49 2025
# Process ID: 18536
# Current directory: C:/Users/hp/Desktop/FPGA/CPU/AKD_T/AKD_T2/AKD_T2
# Command line: vivado.exe -gui_launcher_event rodinguilauncherevent10120 C:\Users\hp\Desktop\FPGA\CPU\AKD_T\AKD_T2\AKD_T2\AKD_T2.xpr
# Log file: C:/Users/hp/Desktop/FPGA/CPU/AKD_T/AKD_T2/AKD_T2/vivado.log
# Journal file: C:/Users/hp/Desktop/FPGA/CPU/AKD_T/AKD_T2/AKD_T2\vivado.jou
#-----------------------------------------------------------
start_gui
open_project C:/Users/hp/Desktop/FPGA/CPU/AKD_T/AKD_T2/AKD_T2/AKD_T2.xpr
Scanning sources...
Finished scanning sources
INFO: [IP_Flow 19-234] Refreshing IP repositories
INFO: [IP_Flow 19-1704] No user IP repositories specified
INFO: [IP_Flow 19-2313] Loaded Vivado IP repository 'C:/Xilinx/Vivado/2020.2/data/ip'.
open_project: Time (s): cpu = 00:00:16 ; elapsed = 00:00:07 . Memory (MB): peak = 1139.797 ; gain = 0.000
update_compile_order -fileset sources_1
exit
INFO: [Common 17-206] Exiting Vivado at Sun Sep 28 21:03:22 2025...
