#-----------------------------------------------------------
# Vivado v2020.2 (64-bit)
# SW Build 3064766 on Wed Nov 18 09:12:45 MST 2020
# IP Build 3064653 on Wed Nov 18 14:17:31 MST 2020
# Start of session at: Tue Sep 30 12:14:06 2025
# Process ID: 16240
# Current directory: C:/Users/hp/Desktop/FPGA/CPU/CPU_AKD/AKD_T/AKD_T3/AKD_T3
# Command line: vivado.exe -gui_launcher_event rodinguilauncherevent10100 C:\Users\hp\Desktop\FPGA\CPU\CPU_AKD\AKD_T\AKD_T3\AKD_T3\AKD_T3.xpr
# Log file: C:/Users/hp/Desktop/FPGA/CPU/CPU_AKD/AKD_T/AKD_T3/AKD_T3/vivado.log
# Journal file: C:/Users/hp/Desktop/FPGA/CPU/CPU_AKD/AKD_T/AKD_T3/AKD_T3\vivado.jou
#-----------------------------------------------------------
start_gui
open_project C:/Users/hp/Desktop/FPGA/CPU/CPU_AKD/AKD_T/AKD_T3/AKD_T3/AKD_T3.xpr
INFO: [Project 1-313] Project file moved from 'C:/Users/hp/Desktop/FPGA/CPU/AKD_T/AKD_T3/AKD_T3' since last save.
Scanning sources...
Finished scanning sources
INFO: [IP_Flow 19-234] Refreshing IP repositories
INFO: [IP_Flow 19-1704] No user IP repositories specified
INFO: [IP_Flow 19-2313] Loaded Vivado IP repository 'C:/Xilinx/Vivado/2020.2/data/ip'.
open_project: Time (s): cpu = 00:00:17 ; elapsed = 00:00:10 . Memory (MB): peak = 1121.332 ; gain = 0.000
update_compile_order -fileset sources_1
exit
INFO: [Common 17-206] Exiting Vivado at Tue Sep 30 12:47:09 2025...
