#-----------------------------------------------------------
# Vivado v2020.2 (64-bit)
# SW Build 3064766 on Wed Nov 18 09:12:45 MST 2020
# IP Build 3064653 on Wed Nov 18 14:17:31 MST 2020
# Start of session at: Fri Sep 26 22:37:04 2025
# Process ID: 13256
# Current directory: C:/Users/hp/Desktop/FPGA/CPU/AKD_T/AKD_T3/AKD_T3
# Command line: vivado.exe -gui_launcher_event rodinguilauncherevent21528 C:\Users\hp\Desktop\FPGA\CPU\AKD_T\AKD_T3\AKD_T3\AKD_T3.xpr
# Log file: C:/Users/hp/Desktop/FPGA/CPU/AKD_T/AKD_T3/AKD_T3/vivado.log
# Journal file: C:/Users/hp/Desktop/FPGA/CPU/AKD_T/AKD_T3/AKD_T3\vivado.jou
#-----------------------------------------------------------
start_gui
open_project C:/Users/hp/Desktop/FPGA/CPU/AKD_T/AKD_T3/AKD_T3/AKD_T3.xpr
Scanning sources...
Finished scanning sources
INFO: [IP_Flow 19-234] Refreshing IP repositories
INFO: [IP_Flow 19-1704] No user IP repositories specified
INFO: [IP_Flow 19-2313] Loaded Vivado IP repository 'C:/Xilinx/Vivado/2020.2/data/ip'.
open_project: Time (s): cpu = 00:00:13 ; elapsed = 00:00:08 . Memory (MB): peak = 1121.438 ; gain = 0.000
update_compile_order -fileset sources_1
exit
INFO: [Common 17-206] Exiting Vivado at Fri Sep 26 23:56:42 2025...
